# JRE version: Java(TM) SE Runtime Environment (8.0_111-b14) (build 1.8.0_111-b14)
# Java VM: Java HotSpot(TM) 64-Bit Server VM (25.111-b14 mixed mode windows-amd64 compressed oops)
Heap:
 PSYoungGen      total 28672K, used 14277K [0x00000000e0300000, 0x00000000e2380000, 0x0000000100000000)
  eden space 24576K, 58% used [0x00000000e0300000,0x00000000e10f1508,0x00000000e1b00000)
  from space 4096K, 0% used [0x00000000e1f00000,0x00000000e1f00000,0x00000000e2300000)
  to   space 4096K, 0% used [0x00000000e1b00000,0x00000000e1b00000,0x00000000e1f00000)
 ParOldGen       total 50176K, used 2622K [0x00000000a0800000, 0x00000000a3900000, 0x00000000e0300000)
  object space 50176K, 5% used [0x00000000a0800000,0x00000000a0a8fb38,0x00000000a3900000)
 Metaspace       used 17207K, capacity 17496K, committed 17792K, reserved 1067008K
  class space    used 2285K, capacity 2390K, committed 2432K, reserved 1048576K
GC Heap History (8 events):
Event: 0.313 GC heap before
{Heap before GC invocations=1 (full 0):
 PSYoungGen      total 28672K, used 3014K [0x00000000e0300000, 0x00000000e2300000, 0x0000000100000000)
  eden space 24576K, 12% used [0x00000000e0300000,0x00000000e05f1868,0x00000000e1b00000)
  from space 4096K, 0% used [0x00000000e1f00000,0x00000000e1f00000,0x00000000e2300000)
  to   space 4096K, 0% used [0x00000000e1b00000,0x00000000e1b00000,0x00000000e1f00000)
 ParOldGen       total 65536K, used 0K [0x00000000a0800000, 0x00000000a4800000, 0x00000000e0300000)
  object space 65536K, 0% used [0x00000000a0800000,0x00000000a0800000,0x00000000a4800000)
 Metaspace       used 5761K, capacity 5856K, committed 6016K, reserved 1060864K
  class space    used 715K, capacity 777K, committed 896K, reserved 1048576K
Event: 0.316 GC heap after
Heap after GC invocations=1 (full 0):
 PSYoungGen      total 28672K, used 800K [0x00000000e0300000, 0x00000000e2300000, 0x0000000100000000)
  eden space 24576K, 0% used [0x00000000e0300000,0x00000000e0300000,0x00000000e1b00000)
  from space 4096K, 19% used [0x00000000e1b00000,0x00000000e1bc8020,0x00000000e1f00000)
  to   space 4096K, 0% used [0x00000000e1f00000,0x00000000e1f00000,0x00000000e2300000)
 ParOldGen       total 65536K, used 8K [0x00000000a0800000, 0x00000000a4800000, 0x00000000e0300000)
  object space 65536K, 0% used [0x00000000a0800000,0x00000000a0802000,0x00000000a4800000)
 Metaspace       used 5761K, capacity 5856K, committed 6016K, reserved 1060864K
  class space    used 715K, capacity 777K, committed 896K, reserved 1048576K
}
Event: 0.316 GC heap before
{Heap before GC invocations=2 (full 1):
 PSYoungGen      total 28672K, used 800K [0x00000000e0300000, 0x00000000e2300000, 0x0000000100000000)
  eden space 24576K, 0% used [0x00000000e0300000,0x00000000e0300000,0x00000000e1b00000)
  from space 4096K, 19% used [0x00000000e1b00000,0x00000000e1bc8020,0x00000000e1f00000)
  to   space 4096K, 0% used [0x00000000e1f00000,0x00000000e1f00000,0x00000000e2300000)
 ParOldGen       total 65536K, used 8K [0x00000000a0800000, 0x00000000a4800000, 0x00000000e0300000)
  object space 65536K, 0% used [0x00000000a0800000,0x00000000a0802000,0x00000000a4800000)
 Metaspace       used 5761K, capacity 5856K, committed 6016K, reserved 1060864K
  class space    used 715K, capacity 777K, committed 896K, reserved 1048576K
Event: 0.494 GC heap after
Heap after GC invocations=2 (full 1):
 PSYoungGen      total 28672K, used 0K [0x00000000e0300000, 0x00000000e2300000, 0x0000000100000000)
  eden space 24576K, 0% used [0x00000000e0300000,0x00000000e0300000,0x00000000e1b00000)
  from space 4096K, 0% used [0x00000000e1b00000,0x00000000e1b00000,0x00000000e1f00000)
  to   space 4096K, 0% used [0x00000000e1f00000,0x00000000e1f00000,0x00000000e2300000)
 ParOldGen       total 50176K, used 708K [0x00000000a0800000, 0x00000000a3900000, 0x00000000e0300000)
  object space 50176K, 1% used [0x00000000a0800000,0x00000000a08b1228,0x00000000a3900000)
 Metaspace       used 5761K, capacity 5856K, committed 6016K, reserved 1058816K
  class space    used 715K, capacity 777K, committed 896K, reserved 1048576K
}
Event: 0.922 GC heap before
{Heap before GC invocations=3 (full 1):
 PSYoungGen      total 28672K, used 8173K [0x00000000e0300000, 0x00000000e2300000, 0x0000000100000000)
  eden space 24576K, 33% used [0x00000000e0300000,0x00000000e0afb578,0x00000000e1b00000)
  from space 4096K, 0% used [0x00000000e1b00000,0x00000000e1b00000,0x00000000e1f00000)
  to   space 4096K, 0% used [0x00000000e1f00000,0x00000000e1f00000,0x00000000e2300000)
 ParOldGen       total 50176K, used 708K [0x00000000a0800000, 0x00000000a3900000, 0x00000000e0300000)
  object space 50176K, 1% used [0x00000000a0800000,0x00000000a08b1228,0x00000000a3900000)
 Metaspace       used 11652K, capacity 11916K, committed 12160K, reserved 1062912K
  class space    used 1560K, capacity 1646K, committed 1664K, reserved 1048576K
Event: 0.926 GC heap after
Heap after GC invocations=3 (full 1):
 PSYoungGen      total 28672K, used 2105K [0x00000000e0300000, 0x00000000e2380000, 0x0000000100000000)
  eden space 24576K, 0% used [0x00000000e0300000,0x00000000e0300000,0x00000000e1b00000)
  from space 4096K, 51% used [0x00000000e1f00000,0x00000000e210e720,0x00000000e2300000)
  to   space 4096K, 0% used [0x00000000e1b00000,0x00000000e1b00000,0x00000000e1f00000)
 ParOldGen       total 50176K, used 716K [0x00000000a0800000, 0x00000000a3900000, 0x00000000e0300000)
  object space 50176K, 1% used [0x00000000a0800000,0x00000000a08b3228,0x00000000a3900000)
 Metaspace       used 11652K, capacity 11916K, committed 12160K, reserved 1062912K
  class space    used 1560K, capacity 1646K, committed 1664K, reserved 1048576K
}
Event: 0.926 GC heap before
{Heap before GC invocations=4 (full 2):
 PSYoungGen      total 28672K, used 2105K [0x00000000e0300000, 0x00000000e2380000, 0x0000000100000000)
  eden space 24576K, 0% used [0x00000000e0300000,0x00000000e0300000,0x00000000e1b00000)
  from space 4096K, 51% used [0x00000000e1f00000,0x00000000e210e720,0x00000000e2300000)
  to   space 4096K, 0% used [0x00000000e1b00000,0x00000000e1b00000,0x00000000e1f00000)
 ParOldGen       total 50176K, used 716K [0x00000000a0800000, 0x00000000a3900000, 0x00000000e0300000)
  object space 50176K, 1% used [0x00000000a0800000,0x00000000a08b3228,0x00000000a3900000)
 Metaspace       used 11652K, capacity 11916K, committed 12160K, reserved 1062912K
  class space    used 1560K, capacity 1646K, committed 1664K, reserved 1048576K
Event: 0.945 GC heap after
Heap after GC invocations=4 (full 2):
 PSYoungGen      total 28672K, used 0K [0x00000000e0300000, 0x00000000e2380000, 0x0000000100000000)
  eden space 24576K, 0% used [0x00000000e0300000,0x00000000e0300000,0x00000000e1b00000)
  from space 4096K, 0% used [0x00000000e1f00000,0x00000000e1f00000,0x00000000e2300000)
  to   space 4096K, 0% used [0x00000000e1b00000,0x00000000e1b00000,0x00000000e1f00000)
 ParOldGen       total 50176K, used 2622K [0x00000000a0800000, 0x00000000a3900000, 0x00000000e0300000)
  object space 50176K, 5% used [0x00000000a0800000,0x00000000a0a8fb38,0x00000000a3900000)
 Metaspace       used 11652K, capacity 11916K, committed 12160K, reserved 1062912K
  class space    used 1560K, capacity 1646K, committed 1664K, reserved 1048576K
}

